2026-03-25T20:23:24.631+05:30  INFO 24784 --- [Onepiece] [main] .s.d.r.c.RepositoryConfigurationDelegate : Bootstrapping Spring Data JPA repositories in DEFAULT mode.
2026-03-25T20:23:24.709+05:30  INFO 24784 --- [Onepiece] [main] .s.d.r.c.RepositoryConfigurationDelegate : Finished Spring Data repository scanning in 31 ms. Found 0 JPA repository interfaces.
2026-03-25T20:23:25.521+05:30  INFO 24784 --- [Onepiece] [main] o.s.boot.tomcat.TomcatWebServer          : Tomcat initialized with port 8080 (http)
2026-03-25T20:23:25.546+05:30  INFO 24784 --- [Onepiece] [main] o.apache.catalina.core.StandardService   : Starting service [Tomcat]
2026-03-25T20:23:25.547+05:30  INFO 24784 --- [Onepiece] [main] o.apache.catalina.core.StandardEngine    : Starting Servlet engine: [Apache Tomcat/11.0.18]
2026-03-25T20:23:25.646+05:30  INFO 24784 --- [Onepiece] [main] b.w.c.s.WebApplicationContextInitializer : Root WebApplicationContext: initialization completed in 2204 ms
2026-03-25T20:23:26.032+05:30  INFO 24784 --- [Onepiece] [main] org.hibernate.orm.jpa                    : HHH008540: Processing PersistenceUnitInfo [name: default]
2026-03-25T20:23:26.113+05:30  INFO 24784 --- [Onepiece] [main] org.hibernate.orm.core                   : HHH000001: Hibernate ORM core version 7.2.7.Final
2026-03-25T20:23:26.952+05:30  INFO 24784 --- [Onepiece] [main] o.s.o.j.p.SpringPersistenceUnitInfo      : No LoadTimeWeaver setup: ignoring JPA class transformer
2026-03-25T20:23:27.007+05:30  INFO 24784 --- [Onepiece] [main] com.zaxxer.hikari.HikariDataSource       : HikariPool-1 - Starting...
2026-03-25T20:23:27.522+05:30  INFO 24784 --- [Onepiece] [main] com.zaxxer.hikari.pool.HikariPool        : HikariPool-1 - Added connection com.mysql.cj.jdbc.ConnectionImpl@733fa95c
2026-03-25T20:23:27.526+05:30  INFO 24784 --- [Onepiece] [main] com.zaxxer.hikari.HikariDataSource       : HikariPool-1 - Start completed.
2026-03-25T20:23:27.648+05:30  INFO 24784 --- [Onepiece] [main] org.hibernate.orm.connections.pooling    : HHH10001005: Database info:
	Database JDBC URL [jdbc:mysql://localhost:3306/student_db]
	Database driver: MySQL Connector/J
	Database dialect: MySQLDialect
	Database version: 8.0.44
	Default catalog/schema: student_db/undefined
	Autocommit mode: undefined/unknown
	Isolation level: REPEATABLE_READ [default REPEATABLE_READ]
	JDBC fetch size: none
	Pool: DataSourceConnectionProvider
	Minimum pool size: undefined/unknown
	Maximum pool size: undefined/unknown
2026-03-25T20:23:28.740+05:30  INFO 24784 --- [Onepiece] [main] org.hibernate.orm.core                   : HHH000489: No JTA platform available (set 'hibernate.transaction.jta.platform' to enable JTA platform integration)
2026-03-25T20:23:28.752+05:30  INFO 24784 --- [Onepiece] [main] j.LocalContainerEntityManagerFactoryBean : Initialized JPA EntityManagerFactory for persistence unit 'default'
2026-03-25T20:23:28.993+05:30  WARN 24784 --- [Onepiece] [main] JpaBaseConfiguration$JpaWebConfiguration : spring.jpa.open-in-view is enabled by default. Therefore, database queries may be performed during view rendering. Explicitly configure spring.jpa.open-in-view to disable this warning
2026-03-25T20:23:29.595+05:30  INFO 24784 --- [Onepiece] [main] o.s.boot.tomcat.TomcatWebServer          : Tomcat started on port 8080 (http) with context path '/'
2026-03-25T20:23:29.604+05:30  INFO 24784 --- [Onepiece] [main] com.jdbc.DemoApplication                 : Started DemoApplication in 7.216 seconds (process running for 8.148)
2026-03-25T20:23:44.683+05:30  INFO 24784 --- [Onepiece] [SpringApplicationShutdownHook] o.s.boot.tomcat.GracefulShutdown         : Commencing graceful shutdown. Waiting for active requests to complete
2026-03-25T20:23:44.696+05:30  INFO 24784 --- [Onepiece] [tomcat-shutdown] o.s.boot.tomcat.GracefulShutdown         : Graceful shutdown complete
2026-03-25T20:23:44.703+05:30  INFO 24784 --- [Onepiece] [SpringApplicationShutdownHook] j.LocalContainerEntityManagerFactoryBean : Closing JPA EntityManagerFactory for persistence unit 'default'
2026-03-25T20:23:44.711+05:30  INFO 24784 --- [Onepiece] [SpringApplicationShutdownHook] com.zaxxer.hikari.HikariDataSource       : HikariPool-1 - Shutdown initiated...
2026-03-25T20:23:44.731+05:30  INFO 24784 --- [Onepiece] [SpringApplicationShutdownHook] com.zaxxer.hikari.HikariDataSource       : HikariPool-1 - Shutdown completed.
2026-03-25T20:27:03.615+05:30  INFO 23296 --- [Onepiece] [main] com.jdbc.DemoApplication                 : Starting DemoApplication using Java 24.0.1 with PID 23296 (C:\Users\SURYA\Documents\java project  maven march\student-app\student-app\target\classes started by SURYA in C:\Users\SURYA\Documents\java project  maven march\student-app\student-app)
2026-03-25T20:27:03.626+05:30  INFO 23296 --- [Onepiece] [main] com.jdbc.DemoApplication                 : No active profile set, falling back to 1 default profile: "default"
2026-03-25T20:27:04.895+05:30  INFO 23296 --- [Onepiece] [main] .s.d.r.c.RepositoryConfigurationDelegate : Bootstrapping Spring Data JPA repositories in DEFAULT mode.
2026-03-25T20:27:04.947+05:30  INFO 23296 --- [Onepiece] [main] .s.d.r.c.RepositoryConfigurationDelegate : Finished Spring Data repository scanning in 32 ms. Found 0 JPA repository interfaces.
2026-03-25T20:27:05.842+05:30  INFO 23296 --- [Onepiece] [main] o.s.boot.tomcat.TomcatWebServer          : Tomcat initialized with port 8080 (http)
2026-03-25T20:27:05.868+05:30  INFO 23296 --- [Onepiece] [main] o.apache.catalina.core.StandardService   : Starting service [Tomcat]
2026-03-25T20:27:05.869+05:30  INFO 23296 --- [Onepiece] [main] o.apache.catalina.core.StandardEngine    : Starting Servlet engine: [Apache Tomcat/11.0.18]
2026-03-25T20:27:05.985+05:30  INFO 23296 --- [Onepiece] [main] b.w.c.s.WebApplicationContextInitializer : Root WebApplicationContext: initialization completed in 2255 ms
2026-03-25T20:27:06.339+05:30  INFO 23296 --- [Onepiece] [main] org.hibernate.orm.jpa                    : HHH008540: Processing PersistenceUnitInfo [name: default]
2026-03-25T20:27:06.419+05:30  INFO 23296 --- [Onepiece] [main] org.hibernate.orm.core                   : HHH000001: Hibernate ORM core version 7.2.7.Final
2026-03-25T20:27:07.215+05:30  INFO 23296 --- [Onepiece] [main] o.s.o.j.p.SpringPersistenceUnitInfo      : No LoadTimeWeaver setup: ignoring JPA class transformer
2026-03-25T20:27:07.275+05:30  INFO 23296 --- [Onepiece] [main] com.zaxxer.hikari.HikariDataSource       : HikariPool-1 - Starting...
2026-03-25T20:27:07.860+05:30  INFO 23296 --- [Onepiece] [main] com.zaxxer.hikari.pool.HikariPool        : HikariPool-1 - Added connection com.mysql.cj.jdbc.ConnectionImpl@2cc61b3b
2026-03-25T20:27:07.863+05:30  INFO 23296 --- [Onepiece] [main] com.zaxxer.hikari.HikariDataSource       : HikariPool-1 - Start completed.
2026-03-25T20:27:07.998+05:30  INFO 23296 --- [Onepiece] [main] org.hibernate.orm.connections.pooling    : HHH10001005: Database info:
	Database JDBC URL [jdbc:mysql://localhost:3306/student_db]
	Database driver: MySQL Connector/J
	Database dialect: MySQLDialect
	Database version: 8.0.44
	Default catalog/schema: student_db/undefined
	Autocommit mode: undefined/unknown
	Isolation level: REPEATABLE_READ [default REPEATABLE_READ]
	JDBC fetch size: none
	Pool: DataSourceConnectionProvider
	Minimum pool size: undefined/unknown
	Maximum pool size: undefined/unknown
2026-03-25T20:27:09.106+05:30  INFO 23296 --- [Onepiece] [main] org.hibernate.orm.core                   : HHH000489: No JTA platform available (set 'hibernate.transaction.jta.platform' to enable JTA platform integration)
2026-03-25T20:27:09.117+05:30  INFO 23296 --- [Onepiece] [main] j.LocalContainerEntityManagerFactoryBean : Initialized JPA EntityManagerFactory for persistence unit 'default'
2026-03-25T20:27:09.311+05:30  WARN 23296 --- [Onepiece] [main] JpaBaseConfiguration$JpaWebConfiguration : spring.jpa.open-in-view is enabled by default. Therefore, database queries may be performed during view rendering. Explicitly configure spring.jpa.open-in-view to disable this warning
2026-03-25T20:27:09.872+05:30  INFO 23296 --- [Onepiece] [main] o.s.boot.tomcat.TomcatWebServer          : Tomcat started on port 8080 (http) with context path '/'
2026-03-25T20:27:09.882+05:30  INFO 23296 --- [Onepiece] [main] com.jdbc.DemoApplication                 : Started DemoApplication in 7.241 seconds (process running for 8.11)
2026-03-25T20:27:33.267+05:30  INFO 23296 --- [Onepiece] [SpringApplicationShutdownHook] o.s.boot.tomcat.GracefulShutdown         : Commencing graceful shutdown. Waiting for active requests to complete
2026-03-25T20:27:33.277+05:30  INFO 23296 --- [Onepiece] [tomcat-shutdown] o.s.boot.tomcat.GracefulShutdown         : Graceful shutdown complete
2026-03-25T20:27:33.286+05:30  INFO 23296 --- [Onepiece] [SpringApplicationShutdownHook] j.LocalContainerEntityManagerFactoryBean : Closing JPA EntityManagerFactory for persistence unit 'default'
2026-03-25T20:27:33.292+05:30  INFO 23296 --- [Onepiece] [SpringApplicationShutdownHook] com.zaxxer.hikari.HikariDataSource       : HikariPool-1 - Shutdown initiated...
2026-03-25T20:27:33.311+05:30  INFO 23296 --- [Onepiece] [SpringApplicationShutdownHook] com.zaxxer.hikari.HikariDataSource       : HikariPool-1 - Shutdown completed.
