2026-03-26T08:39:52.198+05:30  INFO 26968 --- [Onepiece] [main] com.jdbc.DemoApplication                 : Starting DemoApplication using Java 24.0.1 with PID 26968 (C:\Users\SURYA\Documents\java project  maven march\student-app\student-app\target\classes started by SURYA in C:\Users\SURYA\Documents\java project  maven march\student-app\student-app)
2026-03-26T08:39:52.214+05:30  INFO 26968 --- [Onepiece] [main] com.jdbc.DemoApplication                 : No active profile set, falling back to 1 default profile: "default"
2026-03-26T08:39:53.833+05:30  INFO 26968 --- [Onepiece] [main] .s.d.r.c.RepositoryConfigurationDelegate : Bootstrapping Spring Data JPA repositories in DEFAULT mode.
2026-03-26T08:39:53.886+05:30  INFO 26968 --- [Onepiece] [main] .s.d.r.c.RepositoryConfigurationDelegate : Finished Spring Data repository scanning in 31 ms. Found 0 JPA repository interfaces.
2026-03-26T08:39:54.929+05:30  INFO 26968 --- [Onepiece] [main] o.s.boot.tomcat.TomcatWebServer          : Tomcat initialized with port 8080 (http)
2026-03-26T08:39:54.960+05:30  INFO 26968 --- [Onepiece] [main] o.apache.catalina.core.StandardService   : Starting service [Tomcat]
2026-03-26T08:39:54.960+05:30  INFO 26968 --- [Onepiece] [main] o.apache.catalina.core.StandardEngine    : Starting Servlet engine: [Apache Tomcat/11.0.18]
2026-03-26T08:39:55.076+05:30  INFO 26968 --- [Onepiece] [main] b.w.c.s.WebApplicationContextInitializer : Root WebApplicationContext: initialization completed in 2726 ms
2026-03-26T08:39:55.506+05:30  INFO 26968 --- [Onepiece] [main] org.hibernate.orm.jpa                    : HHH008540: Processing PersistenceUnitInfo [name: default]
2026-03-26T08:39:55.628+05:30  INFO 26968 --- [Onepiece] [main] org.hibernate.orm.core                   : HHH000001: Hibernate ORM core version 7.2.7.Final
2026-03-26T08:39:56.650+05:30  INFO 26968 --- [Onepiece] [main] o.s.o.j.p.SpringPersistenceUnitInfo      : No LoadTimeWeaver setup: ignoring JPA class transformer
2026-03-26T08:39:56.743+05:30  INFO 26968 --- [Onepiece] [main] com.zaxxer.hikari.HikariDataSource       : HikariPool-1 - Starting...
2026-03-26T08:39:57.488+05:30  INFO 26968 --- [Onepiece] [main] com.zaxxer.hikari.pool.HikariPool        : HikariPool-1 - Added connection com.mysql.cj.jdbc.ConnectionImpl@144440f5
2026-03-26T08:39:57.491+05:30  INFO 26968 --- [Onepiece] [main] com.zaxxer.hikari.HikariDataSource       : HikariPool-1 - Start completed.
2026-03-26T08:39:57.668+05:30  INFO 26968 --- [Onepiece] [main] org.hibernate.orm.connections.pooling    : HHH10001005: Database info:
	Database JDBC URL [jdbc:mysql://localhost:3306/student_db]
	Database driver: MySQL Connector/J
	Database dialect: MySQLDialect
	Database version: 8.0.44
	Default catalog/schema: student_db/undefined
	Autocommit mode: undefined/unknown
	Isolation level: REPEATABLE_READ [default REPEATABLE_READ]
	JDBC fetch size: none
	Pool: DataSourceConnectionProvider
	Minimum pool size: undefined/unknown
	Maximum pool size: undefined/unknown
2026-03-26T08:39:59.113+05:30  INFO 26968 --- [Onepiece] [main] org.hibernate.orm.core                   : HHH000489: No JTA platform available (set 'hibernate.transaction.jta.platform' to enable JTA platform integration)
2026-03-26T08:39:59.132+05:30  INFO 26968 --- [Onepiece] [main] j.LocalContainerEntityManagerFactoryBean : Initialized JPA EntityManagerFactory for persistence unit 'default'
2026-03-26T08:39:59.428+05:30  WARN 26968 --- [Onepiece] [main] JpaBaseConfiguration$JpaWebConfiguration : spring.jpa.open-in-view is enabled by default. Therefore, database queries may be performed during view rendering. Explicitly configure spring.jpa.open-in-view to disable this warning
2026-03-26T08:40:00.033+05:30  INFO 26968 --- [Onepiece] [main] o.s.boot.tomcat.TomcatWebServer          : Tomcat started on port 8080 (http) with context path '/'
2026-03-26T08:40:00.042+05:30  INFO 26968 --- [Onepiece] [main] com.jdbc.DemoApplication                 : Started DemoApplication in 9.013 seconds (process running for 10.243)
2026-03-26T08:40:05.773+05:30  INFO 26968 --- [Onepiece] [SpringApplicationShutdownHook] o.s.boot.tomcat.GracefulShutdown         : Commencing graceful shutdown. Waiting for active requests to complete
2026-03-26T08:40:05.784+05:30  INFO 26968 --- [Onepiece] [tomcat-shutdown] o.s.boot.tomcat.GracefulShutdown         : Graceful shutdown complete
2026-03-26T08:40:05.799+05:30  INFO 26968 --- [Onepiece] [SpringApplicationShutdownHook] j.LocalContainerEntityManagerFactoryBean : Closing JPA EntityManagerFactory for persistence unit 'default'
2026-03-26T08:40:05.806+05:30  INFO 26968 --- [Onepiece] [SpringApplicationShutdownHook] com.zaxxer.hikari.HikariDataSource       : HikariPool-1 - Shutdown initiated...
2026-03-26T08:40:05.826+05:30  INFO 26968 --- [Onepiece] [SpringApplicationShutdownHook] com.zaxxer.hikari.HikariDataSource       : HikariPool-1 - Shutdown completed.
